01/29/2024 02:26:41 PM DEBUG (MainThread): Panic! at the disco
01/29/2024 02:26:41 PM INFO (MainThread): Weezer
01/29/2024 02:31:30 PM DEBUG (MainThread): Panic! at the disco
01/29/2024 02:31:30 PM INFO (MainThread): Weezer
01/29/2024 02:39:41 PM DEBUG (MainThread): Panic! at the disco
01/29/2024 02:39:41 PM INFO (MainThread): Weezer
01/29/2024 02:46:54 PM DEBUG (MainThread): Panic! at the disco
01/29/2024 02:46:54 PM INFO (MainThread): Weezer
01/29/2024 02:57:00 PM DEBUG (MainThread): Panic! at the disco
01/29/2024 02:57:00 PM DEBUG (MainThread): Panic! at the disco
01/29/2024 02:57:00 PM INFO (MainThread): Weezer
01/29/2024 02:57:00 PM INFO (MainThread): Weezer
01/29/2024 03:07:02 PM DEBUG (MainThread): Processing...
01/29/2024 03:07:02 PM DEBUG (MainThread): Processing...
01/29/2024 03:07:02 PM DEBUG (MainThread): Processing...
01/29/2024 03:07:02 PM DEBUG (MainThread): Retrieving Data...
01/29/2024 03:07:02 PM DEBUG (MainThread): Retrieving Data...
01/29/2024 03:07:02 PM DEBUG (MainThread): Retrieving Data...
01/29/2024 03:10:51 PM DEBUG (MainThread): Processing...
01/29/2024 03:10:51 PM DEBUG (MainThread): Processing...
01/29/2024 03:10:51 PM DEBUG (MainThread): Processing...
01/29/2024 03:10:51 PM DEBUG (MainThread): Processing...
01/29/2024 03:10:51 PM DEBUG (MainThread): Retrieving Data...
01/29/2024 03:10:51 PM DEBUG (MainThread): Retrieving Data...
01/29/2024 03:10:51 PM DEBUG (MainThread): Retrieving Data...
01/29/2024 03:10:51 PM DEBUG (MainThread): Retrieving Data...
01/29/2024 03:11:01 PM DEBUG (MainThread): Processing...
01/29/2024 03:11:01 PM DEBUG (MainThread): Processing...
01/29/2024 03:11:01 PM DEBUG (MainThread): Processing...
01/29/2024 03:11:01 PM DEBUG (MainThread): Processing...
01/29/2024 03:11:01 PM DEBUG (MainThread): Processing...
01/29/2024 03:11:01 PM DEBUG (MainThread): Retrieving Data...
01/29/2024 03:11:01 PM DEBUG (MainThread): Retrieving Data...
01/29/2024 03:11:01 PM DEBUG (MainThread): Retrieving Data...
01/29/2024 03:11:01 PM DEBUG (MainThread): Retrieving Data...
01/29/2024 03:11:01 PM DEBUG (MainThread): Retrieving Data...
01/29/2024 03:12:02 PM DEBUG (MainThread): Processing...
01/29/2024 03:12:02 PM DEBUG (MainThread): Retrieving Data...
01/29/2024 03:12:57 PM DEBUG (MainThread): Processing...
01/29/2024 03:12:57 PM DEBUG (MainThread): Retrieving Data...
01/29/2024 03:13:21 PM DEBUG (MainThread): Processing...
01/29/2024 03:13:21 PM DEBUG (MainThread): Processing...
01/29/2024 03:16:52 PM DEBUG (MainThread): Retrieving Data...
01/29/2024 03:18:20 PM DEBUG (MainThread): Initializing...
01/29/2024 03:18:20 PM DEBUG (MainThread): Connecting to postgres database...
01/29/2024 03:18:20 PM DEBUG (MainThread): Retrieving Data...
01/29/2024 03:18:32 PM DEBUG (MainThread): Initializing...
01/29/2024 03:18:32 PM DEBUG (MainThread): Initializing...
01/29/2024 03:18:32 PM DEBUG (MainThread): Connecting to postgres database...
01/29/2024 03:18:32 PM DEBUG (MainThread): Connecting to postgres database...
01/29/2024 03:18:33 PM DEBUG (MainThread): Retrieving Data...
01/29/2024 03:18:33 PM DEBUG (MainThread): Retrieving Data...
01/29/2024 03:18:35 PM DEBUG (MainThread): Initializing...
01/29/2024 03:18:35 PM DEBUG (MainThread): Initializing...
01/29/2024 03:18:35 PM DEBUG (MainThread): Initializing...
01/29/2024 03:18:35 PM DEBUG (MainThread): Connecting to postgres database...
01/29/2024 03:18:35 PM DEBUG (MainThread): Connecting to postgres database...
01/29/2024 03:18:35 PM DEBUG (MainThread): Connecting to postgres database...
01/29/2024 03:18:36 PM DEBUG (MainThread): Retrieving Data...
01/29/2024 03:18:36 PM DEBUG (MainThread): Retrieving Data...
01/29/2024 03:18:36 PM DEBUG (MainThread): Retrieving Data...
01/29/2024 03:18:40 PM DEBUG (MainThread): Initializing...
01/29/2024 03:18:40 PM DEBUG (MainThread): Initializing...
01/29/2024 03:18:40 PM DEBUG (MainThread): Initializing...
01/29/2024 03:18:40 PM DEBUG (MainThread): Initializing...
01/29/2024 03:18:40 PM DEBUG (MainThread): Connecting to postgres database...
01/29/2024 03:18:40 PM DEBUG (MainThread): Connecting to postgres database...
01/29/2024 03:18:40 PM DEBUG (MainThread): Connecting to postgres database...
01/29/2024 03:18:40 PM DEBUG (MainThread): Connecting to postgres database...
01/29/2024 03:18:40 PM DEBUG (MainThread): Retrieving Data...
01/29/2024 03:18:40 PM DEBUG (MainThread): Retrieving Data...
01/29/2024 03:18:40 PM DEBUG (MainThread): Retrieving Data...
01/29/2024 03:18:40 PM DEBUG (MainThread): Retrieving Data...
01/29/2024 03:21:54 PM DEBUG (MainThread): Initializing...
01/29/2024 03:21:54 PM DEBUG (MainThread): Connecting to postgres database...
01/29/2024 03:21:54 PM DEBUG (MainThread): Retrieving Data...
01/29/2024 03:22:05 PM DEBUG (MainThread): Initializing...
01/29/2024 03:22:05 PM DEBUG (MainThread): Connecting to postgres database...
01/29/2024 03:22:05 PM DEBUG (MainThread): Retrieving Data...
01/29/2024 03:25:21 PM DEBUG (MainThread): Initializing...
01/29/2024 03:25:21 PM DEBUG (MainThread): Connecting to postgres database...
01/29/2024 03:27:50 PM DEBUG (MainThread): Initializing...
01/29/2024 03:27:50 PM DEBUG (MainThread): Processing...
01/29/2024 03:27:50 PM DEBUG (MainThread): Connecting to postgres database...
01/29/2024 03:29:08 PM DEBUG (MainThread): Initializing...
01/29/2024 03:29:08 PM DEBUG (MainThread): Processing...
01/29/2024 03:29:08 PM DEBUG (MainThread): Connecting to postgres database...
01/29/2024 03:29:08 PM DEBUG (MainThread): Retrieving Data...
01/29/2024 03:29:30 PM DEBUG (MainThread): Initializing...
01/29/2024 03:29:30 PM DEBUG (MainThread): Processing...
01/29/2024 03:29:30 PM DEBUG (MainThread): Connecting to postgres database...
01/29/2024 03:29:31 PM DEBUG (MainThread): Retrieving Data...
02/01/2024 02:18:05 PM DEBUG (MainThread): Initializing...
02/01/2024 02:18:05 PM DEBUG (MainThread): Connecting to postgres database...
02/01/2024 02:18:05 PM DEBUG (MainThread): Retrieving Data...
02/01/2024 02:29:48 PM DEBUG (MainThread): Initializing...
02/01/2024 02:29:48 PM DEBUG (MainThread): Initializing...
02/01/2024 02:29:48 PM DEBUG (MainThread): Connecting to postgres database...
02/01/2024 02:29:48 PM DEBUG (MainThread): Connecting to postgres database...
02/01/2024 02:29:48 PM DEBUG (MainThread): Retrieving Data...
02/01/2024 02:29:48 PM DEBUG (MainThread): Retrieving Data...
02/01/2024 02:29:53 PM DEBUG (MainThread): Reattempting postgres database connection...
02/01/2024 02:29:53 PM DEBUG (MainThread): Reattempting postgres database connection...
02/01/2024 02:29:53 PM DEBUG (MainThread): Connecting to postgres database...
02/01/2024 02:29:53 PM DEBUG (MainThread): Connecting to postgres database...
02/01/2024 02:29:53 PM DEBUG (MainThread): Retrieving Data...
02/01/2024 02:29:53 PM DEBUG (MainThread): Retrieving Data...
02/01/2024 02:32:47 PM DEBUG (MainThread): Initializing...
02/01/2024 02:32:47 PM DEBUG (MainThread): Connecting to postgres database...
02/01/2024 02:32:48 PM DEBUG (MainThread): Retrieving Data...
02/01/2024 02:32:53 PM DEBUG (MainThread): Reattempting postgres database connection...
02/01/2024 02:32:53 PM DEBUG (MainThread): Connecting to postgres database...
02/01/2024 02:32:53 PM DEBUG (MainThread): Retrieving Data...
02/01/2024 02:38:32 PM DEBUG (MainThread): Initializing...
02/01/2024 02:38:32 PM DEBUG (MainThread): Connecting to postgres database...
02/01/2024 02:38:32 PM DEBUG (MainThread): Retrieving Data...
02/01/2024 02:38:37 PM DEBUG (MainThread): Reattempting postgres database connection...
02/01/2024 02:38:37 PM DEBUG (MainThread): Connecting to postgres database...
02/01/2024 02:38:37 PM DEBUG (MainThread): Retrieving Data...
02/01/2024 02:40:34 PM DEBUG (MainThread): Initializing...
02/01/2024 02:40:34 PM DEBUG (MainThread): Connecting to postgres database...
02/01/2024 02:40:34 PM DEBUG (MainThread): Retrieving Data...
02/01/2024 02:43:32 PM DEBUG (MainThread): Initializing...
02/01/2024 02:43:32 PM DEBUG (MainThread): Connecting to postgres database...
02/01/2024 02:43:32 PM DEBUG (MainThread): Retrieving Data...
02/01/2024 02:46:04 PM DEBUG (MainThread): Initializing...
02/01/2024 02:46:04 PM DEBUG (MainThread): Connecting to postgres database...
02/01/2024 02:46:04 PM DEBUG (MainThread): Retrieving Data...
02/01/2024 02:47:05 PM DEBUG (MainThread): Initializing...
02/01/2024 02:47:05 PM DEBUG (MainThread): Initializing...
02/01/2024 02:47:05 PM DEBUG (MainThread): Connecting to postgres database...
02/01/2024 02:47:05 PM DEBUG (MainThread): Connecting to postgres database...
02/01/2024 02:47:05 PM DEBUG (MainThread): Retrieving Data...
02/01/2024 02:47:05 PM DEBUG (MainThread): Retrieving Data...
02/01/2024 02:47:25 PM DEBUG (MainThread): Initializing...
02/01/2024 02:47:25 PM DEBUG (MainThread): Connecting to postgres database...
02/01/2024 02:47:25 PM DEBUG (MainThread): Retrieving Data...
02/01/2024 02:49:27 PM DEBUG (MainThread): Initializing...
02/01/2024 02:49:27 PM DEBUG (MainThread): Connecting to postgres database...
02/01/2024 02:49:27 PM DEBUG (MainThread): Retrieving Data...
02/01/2024 02:50:01 PM DEBUG (MainThread): Initializing...
02/01/2024 02:50:01 PM DEBUG (MainThread): Connecting to postgres database...
02/01/2024 02:50:01 PM DEBUG (MainThread): Retrieving Data...
02/07/2024 01:10:26 PM DEBUG (MainThread): Initializing...
02/07/2024 01:10:26 PM DEBUG (MainThread): Connecting to postgres database...
02/07/2024 01:10:31 PM DEBUG (MainThread): Reattempting postgres database connection...
02/07/2024 01:10:31 PM DEBUG (MainThread): Connecting to postgres database...
02/07/2024 02:01:58 PM DEBUG (MainThread): Initializing...
02/07/2024 02:01:58 PM DEBUG (MainThread): Initializing...
02/07/2024 02:01:58 PM DEBUG (MainThread): Loading Parameters...
02/07/2024 02:01:58 PM DEBUG (MainThread): Loading Parameters...
02/07/2024 02:02:16 PM DEBUG (MainThread): Initializing...
02/07/2024 02:02:16 PM DEBUG (MainThread): Loading Parameters...
02/07/2024 02:04:15 PM DEBUG (MainThread): Initializing...
02/07/2024 02:04:15 PM DEBUG (MainThread): Loading Parameters...
02/07/2024 02:04:15 PM DEBUG (MainThread): Processing...
02/07/2024 02:04:15 PM DEBUG (MainThread): Loading Parameters...
02/07/2024 02:04:15 PM DEBUG (MainThread): Building baseline from historical data...
02/09/2024 03:23:47 PM DEBUG (MainThread): Initializing...
02/09/2024 03:23:47 PM DEBUG (MainThread): Loading Parameters...
02/09/2024 03:23:47 PM DEBUG (MainThread): Please be patient...
02/09/2024 03:23:47 PM DEBUG (MainThread): Loading Parameters...
02/09/2024 03:26:46 PM DEBUG (MainThread): Initializing...
02/09/2024 03:26:46 PM DEBUG (MainThread): Loading Parameters...
02/09/2024 03:26:46 PM DEBUG (MainThread): Please be patient...
02/09/2024 03:26:46 PM DEBUG (MainThread): Loading Parameters...
02/09/2024 03:26:46 PM DEBUG (MainThread): Building baseline from historical data...
02/09/2024 03:39:43 PM DEBUG (MainThread): Initializing...
02/09/2024 03:39:43 PM DEBUG (MainThread): Loading Parameters...
02/09/2024 03:39:43 PM DEBUG (MainThread): Please be patient...
02/09/2024 03:39:43 PM DEBUG (MainThread): Loading Parameters...
02/09/2024 03:39:43 PM DEBUG (MainThread): Building baseline from historical data...
02/09/2024 03:47:29 PM DEBUG (MainThread): Initializing...
02/09/2024 03:47:29 PM DEBUG (MainThread): Loading Parameters...
02/09/2024 03:47:29 PM DEBUG (MainThread): Please be patient...
02/09/2024 03:47:29 PM DEBUG (MainThread): Loading Parameters...
02/09/2024 03:49:08 PM DEBUG (MainThread): Initializing...
02/09/2024 03:49:08 PM DEBUG (MainThread): Loading Parameters...
02/09/2024 03:49:08 PM DEBUG (MainThread): Please be patient...
02/09/2024 03:49:08 PM DEBUG (MainThread): Loading Parameters...
02/09/2024 03:49:08 PM DEBUG (MainThread): Building baseline from historical data...
02/09/2024 03:53:11 PM DEBUG (MainThread): Initializing...
02/09/2024 03:53:11 PM DEBUG (MainThread): Loading Parameters...
02/09/2024 03:53:11 PM DEBUG (MainThread): Please be patient...
02/09/2024 03:53:11 PM DEBUG (MainThread): Loading Parameters...
02/09/2024 03:53:11 PM DEBUG (MainThread): Building baseline from historical data...
02/09/2024 03:53:36 PM DEBUG (MainThread): Initializing...
02/09/2024 03:53:36 PM DEBUG (MainThread): Initializing...
02/09/2024 03:53:36 PM DEBUG (MainThread): Loading Parameters...
02/09/2024 03:53:36 PM DEBUG (MainThread): Loading Parameters...
02/09/2024 03:53:36 PM DEBUG (MainThread): Please be patient...
02/09/2024 03:53:36 PM DEBUG (MainThread): Please be patient...
02/09/2024 03:53:36 PM DEBUG (MainThread): Loading Parameters...
02/09/2024 03:53:36 PM DEBUG (MainThread): Loading Parameters...
02/09/2024 03:53:36 PM DEBUG (MainThread): Building baseline from historical data...
02/09/2024 03:53:36 PM DEBUG (MainThread): Building baseline from historical data...
02/14/2024 09:47:16 AM DEBUG (MainThread): Initializing...
02/14/2024 09:47:16 AM DEBUG (MainThread): Loading Parameters...
02/14/2024 09:47:16 AM DEBUG (MainThread): Please be patient...
02/14/2024 09:47:16 AM DEBUG (MainThread): Loading Parameters...
02/14/2024 09:47:16 AM DEBUG (MainThread): Building baseline from historical data...
02/14/2024 09:52:04 AM DEBUG (MainThread): Initializing...
02/14/2024 09:52:04 AM DEBUG (MainThread): Loading Parameters...
02/14/2024 09:52:04 AM DEBUG (MainThread): Please be patient...
02/14/2024 09:52:04 AM DEBUG (MainThread): Loading Parameters...
02/14/2024 09:52:04 AM DEBUG (MainThread): Building baseline from historical data...
02/14/2024 09:53:22 AM DEBUG (MainThread): Initializing...
02/14/2024 09:53:22 AM DEBUG (MainThread): Loading Parameters...
02/14/2024 09:53:22 AM DEBUG (MainThread): Please be patient...
02/14/2024 09:53:22 AM DEBUG (MainThread): Loading Parameters...
02/14/2024 09:53:22 AM DEBUG (MainThread): Building baseline from historical data...
02/14/2024 10:14:43 AM DEBUG (MainThread): Initializing...
02/14/2024 10:14:43 AM DEBUG (MainThread): Initializing...
02/14/2024 10:14:43 AM DEBUG (MainThread): Loading Parameters...
02/14/2024 10:14:43 AM DEBUG (MainThread): Loading Parameters...
02/14/2024 10:16:01 AM DEBUG (MainThread): Initializing...
02/14/2024 10:16:01 AM DEBUG (MainThread): Loading Parameters...
02/14/2024 10:16:01 AM DEBUG (MainThread): Please be patient...
02/14/2024 10:16:01 AM DEBUG (MainThread): Loading Parameters...
02/14/2024 10:16:01 AM DEBUG (MainThread): Building baseline from historical data...
02/14/2024 10:17:31 AM DEBUG (MainThread): Initializing...
02/14/2024 10:17:31 AM DEBUG (MainThread): Loading Parameters...
02/14/2024 10:17:31 AM DEBUG (MainThread): Please be patient...
02/14/2024 10:17:31 AM DEBUG (MainThread): Loading Parameters...
02/14/2024 10:17:31 AM DEBUG (MainThread): Building baseline from historical data...
02/14/2024 10:19:24 AM DEBUG (MainThread): Initializing...
02/14/2024 10:19:24 AM DEBUG (MainThread): Loading Parameters...
02/14/2024 10:19:24 AM DEBUG (MainThread): Please be patient...
02/14/2024 10:19:24 AM DEBUG (MainThread): Loading Parameters...
02/14/2024 10:19:24 AM DEBUG (MainThread): Building baseline from historical data...
02/14/2024 10:26:43 AM DEBUG (MainThread): Initializing...
02/14/2024 10:26:43 AM DEBUG (MainThread): Loading Parameters...
02/14/2024 10:28:05 AM DEBUG (MainThread): Initializing...
02/14/2024 10:28:05 AM DEBUG (MainThread): Loading Parameters...
02/14/2024 10:28:05 AM DEBUG (MainThread): Please be patient...
02/14/2024 10:28:05 AM DEBUG (MainThread): Loading Parameters...
02/14/2024 10:28:05 AM DEBUG (MainThread): Building baseline from historical data...
02/14/2024 10:37:55 AM DEBUG (MainThread): Initializing...
02/14/2024 10:37:55 AM DEBUG (MainThread): Please be patient...
02/14/2024 10:37:55 AM DEBUG (MainThread): Loading Parameters...
02/14/2024 10:37:55 AM DEBUG (MainThread): Connecting to postgres database...
02/14/2024 10:38:00 AM DEBUG (MainThread): Reattempting postgres database connection...
02/14/2024 10:38:00 AM DEBUG (MainThread): Connecting to postgres database...
02/14/2024 10:38:05 AM DEBUG (MainThread): Reattempting postgres database connection...
02/14/2024 10:38:05 AM DEBUG (MainThread): Connecting to postgres database...
02/14/2024 10:38:10 AM DEBUG (MainThread): Reattempting postgres database connection...
02/14/2024 10:38:10 AM DEBUG (MainThread): Connecting to postgres database...
02/14/2024 10:38:38 AM DEBUG (MainThread): Initializing...
02/14/2024 10:38:38 AM DEBUG (MainThread): Please be patient...
02/14/2024 10:38:38 AM DEBUG (MainThread): Loading Parameters...
02/14/2024 10:38:38 AM DEBUG (MainThread): Connecting to postgres database...
02/14/2024 10:39:04 AM DEBUG (MainThread): Reattempting postgres database connection...
02/14/2024 10:39:04 AM DEBUG (MainThread): Connecting to postgres database...
02/14/2024 10:39:30 AM DEBUG (MainThread): Reattempting postgres database connection...
02/14/2024 10:39:30 AM DEBUG (MainThread): Connecting to postgres database...
02/14/2024 10:39:56 AM DEBUG (MainThread): Reattempting postgres database connection...
02/14/2024 10:39:56 AM DEBUG (MainThread): Connecting to postgres database...
02/14/2024 10:41:28 AM DEBUG (MainThread): Initializing...
02/14/2024 10:41:28 AM DEBUG (MainThread): Please be patient...
02/14/2024 10:41:28 AM DEBUG (MainThread): Loading Parameters...
02/14/2024 10:41:28 AM DEBUG (MainThread): Connecting to postgres database...
02/14/2024 10:41:54 AM DEBUG (MainThread): Reattempting postgres database connection...
02/14/2024 10:41:54 AM DEBUG (MainThread): Connecting to postgres database...
02/14/2024 10:43:13 AM DEBUG (MainThread): Initializing...
02/14/2024 10:43:13 AM DEBUG (MainThread): Please be patient...
02/14/2024 10:43:13 AM DEBUG (MainThread): Loading Parameters...
02/14/2024 10:43:13 AM DEBUG (MainThread): Connecting to postgres database...
02/14/2024 10:43:13 AM DEBUG (MainThread): Retrieving Data...
02/14/2024 10:48:26 AM DEBUG (MainThread): Initializing...
02/14/2024 10:48:26 AM DEBUG (MainThread): Please be patient...
02/14/2024 10:48:26 AM DEBUG (MainThread): Loading Parameters...
02/14/2024 10:48:26 AM DEBUG (MainThread): Connecting to postgres database...
02/14/2024 10:48:26 AM DEBUG (MainThread): Retrieving Data...
02/15/2024 05:04:57 PM DEBUG (MainThread): Initializing...
02/15/2024 05:04:57 PM DEBUG (MainThread): Please be patient...
02/15/2024 05:04:57 PM DEBUG (MainThread): Loading Parameters...
02/15/2024 05:04:57 PM DEBUG (MainThread): Connecting to postgres database...
02/15/2024 05:04:57 PM DEBUG (MainThread): Retrieving Raw Data...
02/15/2024 05:50:52 PM DEBUG (MainThread): Initializing...
02/15/2024 05:50:52 PM DEBUG (MainThread): Please be patient...
02/15/2024 05:50:52 PM DEBUG (MainThread): Loading Parameters...
02/15/2024 05:50:52 PM DEBUG (MainThread): Connecting to postgres database...
02/15/2024 05:50:52 PM DEBUG (MainThread): Retrieving Raw Data...
02/23/2024 11:12:05 AM DEBUG (MainThread): Initializing...
02/23/2024 11:12:05 AM DEBUG (MainThread): Please be patient...
02/23/2024 11:12:05 AM DEBUG (MainThread): Loading Parameters...
02/23/2024 11:13:41 AM DEBUG (MainThread): Initializing...
02/23/2024 11:13:41 AM DEBUG (MainThread): Initializing...
02/23/2024 11:13:41 AM DEBUG (MainThread): Please be patient...
02/23/2024 11:13:41 AM DEBUG (MainThread): Please be patient...
02/23/2024 11:13:41 AM DEBUG (MainThread): Loading Parameters...
02/23/2024 11:13:41 AM DEBUG (MainThread): Loading Parameters...
02/23/2024 11:13:41 AM DEBUG (MainThread): Building baseline from historical data...
02/23/2024 11:13:41 AM DEBUG (MainThread): Building baseline from historical data...
02/23/2024 11:13:41 AM DEBUG (MainThread): Connecting to postgres database...
02/23/2024 11:13:41 AM DEBUG (MainThread): Connecting to postgres database...
02/23/2024 11:13:41 AM DEBUG (MainThread): Retrieving Raw Data...
02/23/2024 11:13:41 AM DEBUG (MainThread): Retrieving Raw Data...
02/23/2024 11:13:41 AM DEBUG (MainThread): Processing data...
02/23/2024 11:13:41 AM DEBUG (MainThread): Processing data...
02/23/2024 11:13:46 AM DEBUG (MainThread): Reattempting postgres database connection...
02/23/2024 11:13:46 AM DEBUG (MainThread): Reattempting postgres database connection...
02/23/2024 02:31:06 PM DEBUG (MainThread): Initializing...
02/23/2024 02:31:06 PM DEBUG (MainThread): Please be patient...
02/23/2024 02:31:06 PM DEBUG (MainThread): Loading Parameters...
02/23/2024 02:57:59 PM DEBUG (MainThread): Initializing...
02/23/2024 02:57:59 PM DEBUG (MainThread): Please be patient...
02/23/2024 02:57:59 PM DEBUG (MainThread): Loading Parameters...
02/23/2024 02:59:22 PM DEBUG (MainThread): Initializing...
02/23/2024 02:59:22 PM DEBUG (MainThread): Please be patient...
02/23/2024 02:59:22 PM DEBUG (MainThread): Loading Parameters...
02/23/2024 02:59:22 PM DEBUG (MainThread): Building baseline from historical data...
02/23/2024 02:59:22 PM DEBUG (MainThread): Connecting to postgres database...
02/23/2024 02:59:22 PM DEBUG (MainThread): Retrieving Raw Data...
03/12/2024 07:42:41 PM DEBUG (MainThread): Initializing...
03/12/2024 07:42:41 PM DEBUG (MainThread): Please be patient...
03/12/2024 07:42:41 PM DEBUG (MainThread): Loading Parameters...
03/12/2024 07:43:47 PM DEBUG (MainThread): Initializing...
03/12/2024 07:43:47 PM DEBUG (MainThread): Please be patient...
03/12/2024 07:43:47 PM DEBUG (MainThread): Loading Parameters...
03/12/2024 07:43:47 PM DEBUG (MainThread): Building baseline from historical data...
03/12/2024 07:43:47 PM DEBUG (MainThread): Connecting to postgres database...
03/12/2024 07:43:47 PM DEBUG (MainThread): Retrieving Raw Data...
03/12/2024 07:45:07 PM DEBUG (MainThread): Initializing...
03/12/2024 07:45:07 PM DEBUG (MainThread): Please be patient...
03/12/2024 07:45:07 PM DEBUG (MainThread): Loading Parameters...
03/12/2024 07:45:07 PM DEBUG (MainThread): Building baseline from historical data...
03/12/2024 07:45:07 PM DEBUG (MainThread): Connecting to postgres database...
03/12/2024 07:45:07 PM DEBUG (MainThread): Retrieving Raw Data...
03/12/2024 07:46:14 PM DEBUG (MainThread): Initializing...
03/12/2024 07:46:14 PM DEBUG (MainThread): Please be patient...
03/12/2024 07:46:14 PM DEBUG (MainThread): Loading Parameters...
03/12/2024 07:48:16 PM DEBUG (MainThread): Initializing...
03/12/2024 07:48:16 PM DEBUG (MainThread): Please be patient...
03/12/2024 07:48:16 PM DEBUG (MainThread): Loading Parameters...
03/12/2024 07:48:16 PM DEBUG (MainThread): Building baseline from historical data...
03/12/2024 07:48:16 PM DEBUG (MainThread): Connecting to postgres database...
03/12/2024 07:48:16 PM DEBUG (MainThread): Retrieving Raw Data...
03/12/2024 08:27:58 PM DEBUG (MainThread): Initializing...
03/12/2024 08:27:58 PM DEBUG (MainThread): Initializing...
03/12/2024 08:27:58 PM DEBUG (MainThread): Please be patient...
03/12/2024 08:27:58 PM DEBUG (MainThread): Please be patient...
03/12/2024 08:27:58 PM DEBUG (MainThread): Loading Parameters...
03/12/2024 08:27:58 PM DEBUG (MainThread): Loading Parameters...
03/12/2024 08:27:59 PM DEBUG (MainThread): Building baseline from historical data...
03/12/2024 08:27:59 PM DEBUG (MainThread): Building baseline from historical data...
03/12/2024 08:27:59 PM DEBUG (MainThread): Connecting to postgres database...
03/12/2024 08:27:59 PM DEBUG (MainThread): Connecting to postgres database...
03/12/2024 08:27:59 PM DEBUG (MainThread): Retrieving Raw Data...
03/12/2024 08:27:59 PM DEBUG (MainThread): Retrieving Raw Data...
03/12/2024 08:27:59 PM DEBUG (MainThread): Connecting to postgres database...
03/12/2024 08:27:59 PM DEBUG (MainThread): Connecting to postgres database...
03/12/2024 08:27:59 PM DEBUG (MainThread): Storing Baseline...
03/12/2024 08:27:59 PM DEBUG (MainThread): Storing Baseline...
03/12/2024 08:28:04 PM DEBUG (MainThread): Reattempting postgres database connection...
03/12/2024 08:28:04 PM DEBUG (MainThread): Reattempting postgres database connection...
03/12/2024 08:28:04 PM DEBUG (MainThread): Connecting to postgres database...
03/12/2024 08:28:04 PM DEBUG (MainThread): Connecting to postgres database...
03/12/2024 08:28:04 PM DEBUG (MainThread): Storing Baseline...
03/12/2024 08:28:04 PM DEBUG (MainThread): Storing Baseline...
03/12/2024 08:28:09 PM DEBUG (MainThread): Reattempting postgres database connection...
03/12/2024 08:28:09 PM DEBUG (MainThread): Reattempting postgres database connection...
03/12/2024 08:28:09 PM DEBUG (MainThread): Connecting to postgres database...
03/12/2024 08:28:09 PM DEBUG (MainThread): Connecting to postgres database...
03/12/2024 08:28:09 PM DEBUG (MainThread): Storing Baseline...
03/12/2024 08:28:09 PM DEBUG (MainThread): Storing Baseline...
03/12/2024 08:28:14 PM DEBUG (MainThread): Reattempting postgres database connection...
03/12/2024 08:28:14 PM DEBUG (MainThread): Reattempting postgres database connection...
03/12/2024 08:28:14 PM DEBUG (MainThread): Connecting to postgres database...
03/12/2024 08:28:14 PM DEBUG (MainThread): Connecting to postgres database...
03/12/2024 08:28:14 PM DEBUG (MainThread): Storing Baseline...
03/12/2024 08:28:14 PM DEBUG (MainThread): Storing Baseline...
03/12/2024 08:28:19 PM DEBUG (MainThread): Reattempting postgres database connection...
03/12/2024 08:28:19 PM DEBUG (MainThread): Reattempting postgres database connection...
03/12/2024 08:28:19 PM DEBUG (MainThread): Connecting to postgres database...
03/12/2024 08:28:19 PM DEBUG (MainThread): Connecting to postgres database...
03/12/2024 08:28:19 PM DEBUG (MainThread): Storing Baseline...
03/12/2024 08:28:19 PM DEBUG (MainThread): Storing Baseline...
03/12/2024 08:28:24 PM DEBUG (MainThread): Reattempting postgres database connection...
03/12/2024 08:28:24 PM DEBUG (MainThread): Reattempting postgres database connection...
03/12/2024 08:28:24 PM DEBUG (MainThread): Connecting to postgres database...
03/12/2024 08:28:24 PM DEBUG (MainThread): Connecting to postgres database...
03/12/2024 08:28:24 PM DEBUG (MainThread): Storing Baseline...
03/12/2024 08:28:24 PM DEBUG (MainThread): Storing Baseline...
03/12/2024 08:29:31 PM DEBUG (MainThread): Initializing...
03/12/2024 08:29:31 PM DEBUG (MainThread): Please be patient...
03/12/2024 08:29:31 PM DEBUG (MainThread): Loading Parameters...
03/12/2024 08:29:31 PM DEBUG (MainThread): Building baseline from historical data...
03/12/2024 08:29:31 PM DEBUG (MainThread): Connecting to postgres database...
03/12/2024 08:29:31 PM DEBUG (MainThread): Retrieving Raw Data...
03/12/2024 08:29:31 PM DEBUG (MainThread): Connecting to postgres database...
03/12/2024 08:29:31 PM DEBUG (MainThread): Storing Baseline...
03/12/2024 08:30:27 PM DEBUG (MainThread): Initializing...
03/12/2024 08:30:27 PM DEBUG (MainThread): Please be patient...
03/12/2024 08:30:27 PM DEBUG (MainThread): Loading Parameters...
03/12/2024 08:31:07 PM DEBUG (MainThread): Initializing...
03/12/2024 08:31:07 PM DEBUG (MainThread): Please be patient...
03/12/2024 08:31:07 PM DEBUG (MainThread): Loading Parameters...
03/12/2024 08:31:07 PM DEBUG (MainThread): Building baseline from historical data...
03/12/2024 08:31:07 PM DEBUG (MainThread): Connecting to postgres database...
03/12/2024 08:31:07 PM DEBUG (MainThread): Retrieving Raw Data...
03/12/2024 08:31:07 PM DEBUG (MainThread): Connecting to postgres database...
03/12/2024 08:31:07 PM DEBUG (MainThread): Storing Baseline...
03/12/2024 09:18:56 PM DEBUG (MainThread): Initializing...
03/12/2024 09:18:56 PM DEBUG (MainThread): Please be patient...
03/12/2024 09:18:56 PM DEBUG (MainThread): Loading Parameters...
03/12/2024 09:18:56 PM DEBUG (MainThread): Processing data...
03/12/2024 09:18:56 PM DEBUG (MainThread): Retrieving Sample Data...
03/12/2024 09:18:56 PM DEBUG (MainThread): Connecting to postgres database...
03/12/2024 09:18:56 PM DEBUG (MainThread): Retrieving Raw Data...
03/12/2024 09:19:28 PM DEBUG (MainThread): Initializing...
03/12/2024 09:19:28 PM DEBUG (MainThread): Please be patient...
03/12/2024 09:19:28 PM DEBUG (MainThread): Loading Parameters...
03/12/2024 09:19:28 PM DEBUG (MainThread): Building baseline from historical data...
03/12/2024 09:19:28 PM DEBUG (MainThread): Connecting to postgres database...
03/12/2024 09:19:28 PM DEBUG (MainThread): Retrieving Raw Data...
03/12/2024 09:19:28 PM DEBUG (MainThread): Connecting to postgres database...
03/12/2024 09:19:28 PM DEBUG (MainThread): Storing Baseline...
03/12/2024 09:19:28 PM DEBUG (MainThread): Stored Baseline Successfully...
03/12/2024 09:19:28 PM DEBUG (MainThread): Processing data...
03/12/2024 09:19:28 PM DEBUG (MainThread): Retrieving Sample Data...
03/12/2024 09:19:28 PM DEBUG (MainThread): Connecting to postgres database...
03/12/2024 09:19:28 PM DEBUG (MainThread): Retrieving Raw Data...
03/12/2024 09:23:54 PM DEBUG (MainThread): Initializing...
03/12/2024 09:23:54 PM DEBUG (MainThread): Please be patient...
03/12/2024 09:23:54 PM DEBUG (MainThread): Loading Parameters...
03/12/2024 09:23:54 PM DEBUG (MainThread): Building baseline from historical data...
03/12/2024 09:23:54 PM DEBUG (MainThread): Connecting to postgres database...
03/12/2024 09:23:54 PM DEBUG (MainThread): Retrieving Raw Data...
03/12/2024 09:23:54 PM DEBUG (MainThread): Connecting to postgres database...
03/12/2024 09:23:54 PM DEBUG (MainThread): Storing Baseline...
03/12/2024 09:23:59 PM DEBUG (MainThread): Reattempting postgres database connection...
03/12/2024 09:23:59 PM DEBUG (MainThread): Connecting to postgres database...
03/12/2024 09:24:00 PM DEBUG (MainThread): Storing Baseline...
03/12/2024 09:25:06 PM DEBUG (MainThread): Initializing...
03/12/2024 09:25:06 PM DEBUG (MainThread): Please be patient...
03/12/2024 09:25:06 PM DEBUG (MainThread): Loading Parameters...
03/12/2024 09:25:06 PM DEBUG (MainThread): Building baseline from historical data...
03/12/2024 09:25:06 PM DEBUG (MainThread): Connecting to postgres database...
03/12/2024 09:25:06 PM DEBUG (MainThread): Retrieving Raw Data...
03/12/2024 09:25:07 PM DEBUG (MainThread): Connecting to postgres database...
03/12/2024 09:25:07 PM DEBUG (MainThread): Storing Baseline...
03/12/2024 09:25:07 PM DEBUG (MainThread): Stored Baseline Successfully...
03/12/2024 09:25:07 PM DEBUG (MainThread): Processing data...
03/12/2024 09:25:07 PM DEBUG (MainThread): Retrieving Sample Data...
03/12/2024 09:25:07 PM DEBUG (MainThread): Connecting to postgres database...
03/12/2024 09:25:07 PM DEBUG (MainThread): Retrieving Raw Data...
03/12/2024 09:42:22 PM DEBUG (MainThread): Initializing...
03/12/2024 09:42:22 PM DEBUG (MainThread): Initializing...
03/12/2024 09:42:22 PM DEBUG (MainThread): Please be patient...
03/12/2024 09:42:22 PM DEBUG (MainThread): Please be patient...
03/12/2024 09:42:22 PM DEBUG (MainThread): Loading Parameters...
03/12/2024 09:42:22 PM DEBUG (MainThread): Loading Parameters...
03/12/2024 09:42:22 PM DEBUG (MainThread): Processing data...
03/12/2024 09:42:22 PM DEBUG (MainThread): Processing data...
03/12/2024 09:42:22 PM DEBUG (MainThread): Retrieving Sample Data...
03/12/2024 09:42:22 PM DEBUG (MainThread): Retrieving Sample Data...
03/12/2024 09:42:22 PM DEBUG (MainThread): Connecting to postgres database...
03/12/2024 09:42:22 PM DEBUG (MainThread): Connecting to postgres database...
03/12/2024 09:42:22 PM DEBUG (MainThread): Retrieving Raw Data...
03/12/2024 09:42:22 PM DEBUG (MainThread): Retrieving Raw Data...
03/12/2024 09:42:22 PM DEBUG (MainThread): Retrieving Baseline...
03/12/2024 09:42:22 PM DEBUG (MainThread): Retrieving Baseline...
03/12/2024 09:42:22 PM DEBUG (MainThread): Connecting to postgres database...
03/12/2024 09:42:22 PM DEBUG (MainThread): Connecting to postgres database...
03/12/2024 09:42:22 PM DEBUG (MainThread): Retrieving Baseline...
03/12/2024 09:42:22 PM DEBUG (MainThread): Retrieving Baseline...
03/12/2024 09:57:45 PM DEBUG (MainThread): Initializing...
03/12/2024 09:57:45 PM DEBUG (MainThread): Please be patient...
03/12/2024 09:57:45 PM DEBUG (MainThread): Loading Parameters...
03/12/2024 09:57:45 PM DEBUG (MainThread): Processing data...
03/12/2024 09:57:45 PM DEBUG (MainThread): Retrieving Sample Data...
03/12/2024 09:57:45 PM DEBUG (MainThread): Connecting to postgres database...
03/12/2024 09:57:45 PM DEBUG (MainThread): Retrieving Raw Data...
03/12/2024 09:57:45 PM DEBUG (MainThread): Retrieving Baseline...
03/12/2024 09:57:45 PM DEBUG (MainThread): Connecting to postgres database...
03/12/2024 09:57:45 PM DEBUG (MainThread): Retrieving Baseline...
03/12/2024 09:57:50 PM DEBUG (MainThread): Reattempting postgres database connection...
03/12/2024 09:59:31 PM DEBUG (MainThread): Initializing...
03/12/2024 09:59:31 PM DEBUG (MainThread): Please be patient...
03/12/2024 09:59:31 PM DEBUG (MainThread): Loading Parameters...
03/12/2024 09:59:31 PM DEBUG (MainThread): Processing data...
03/12/2024 09:59:31 PM DEBUG (MainThread): Retrieving Sample Data...
03/12/2024 09:59:31 PM DEBUG (MainThread): Connecting to postgres database...
03/12/2024 09:59:31 PM DEBUG (MainThread): Retrieving Raw Data...
03/12/2024 09:59:31 PM DEBUG (MainThread): Retrieving Baseline...
03/12/2024 09:59:31 PM DEBUG (MainThread): Connecting to postgres database...
03/12/2024 09:59:31 PM DEBUG (MainThread): Retrieving Baseline...
03/12/2024 09:59:36 PM DEBUG (MainThread): Reattempting postgres database connection...
03/12/2024 10:03:20 PM DEBUG (MainThread): Initializing...
03/12/2024 10:03:20 PM DEBUG (MainThread): Please be patient...
03/12/2024 10:03:20 PM DEBUG (MainThread): Loading Parameters...
03/12/2024 10:03:20 PM DEBUG (MainThread): Processing data...
03/12/2024 10:03:20 PM DEBUG (MainThread): Retrieving Sample Data...
03/12/2024 10:03:20 PM DEBUG (MainThread): Connecting to postgres database...
03/12/2024 10:03:20 PM DEBUG (MainThread): Retrieving Raw Data...
03/12/2024 10:03:20 PM DEBUG (MainThread): Retrieving Baseline...
03/12/2024 10:03:20 PM DEBUG (MainThread): Connecting to postgres database...
03/12/2024 10:03:20 PM DEBUG (MainThread): Retrieving Baseline...
03/12/2024 10:04:40 PM DEBUG (MainThread): Initializing...
03/12/2024 10:04:40 PM DEBUG (MainThread): Please be patient...
03/12/2024 10:04:40 PM DEBUG (MainThread): Loading Parameters...
03/12/2024 10:04:40 PM DEBUG (MainThread): Processing data...
03/12/2024 10:04:40 PM DEBUG (MainThread): Retrieving Sample Data...
03/12/2024 10:04:40 PM DEBUG (MainThread): Connecting to postgres database...
03/12/2024 10:04:40 PM DEBUG (MainThread): Retrieving Raw Data...
03/12/2024 10:04:40 PM DEBUG (MainThread): Retrieving Baseline...
03/12/2024 10:04:40 PM DEBUG (MainThread): Connecting to postgres database...
03/12/2024 10:04:40 PM DEBUG (MainThread): Retrieving Baseline...
03/12/2024 10:06:23 PM DEBUG (MainThread): Initializing...
03/12/2024 10:06:23 PM DEBUG (MainThread): Please be patient...
03/12/2024 10:06:23 PM DEBUG (MainThread): Loading Parameters...
03/12/2024 10:06:23 PM DEBUG (MainThread): Processing data...
03/12/2024 10:06:23 PM DEBUG (MainThread): Retrieving Sample Data...
03/12/2024 10:06:23 PM DEBUG (MainThread): Connecting to postgres database...
03/12/2024 10:06:23 PM DEBUG (MainThread): Retrieving Raw Data...
03/12/2024 10:06:23 PM DEBUG (MainThread): Retrieving Baseline...
03/12/2024 10:06:23 PM DEBUG (MainThread): Connecting to postgres database...
03/12/2024 10:06:23 PM DEBUG (MainThread): Retrieving Baseline...
03/12/2024 10:07:36 PM DEBUG (MainThread): Initializing...
03/12/2024 10:07:36 PM DEBUG (MainThread): Please be patient...
03/12/2024 10:07:36 PM DEBUG (MainThread): Loading Parameters...
03/12/2024 10:07:36 PM DEBUG (MainThread): Processing data...
03/12/2024 10:07:36 PM DEBUG (MainThread): Retrieving Sample Data...
03/12/2024 10:07:36 PM DEBUG (MainThread): Connecting to postgres database...
03/12/2024 10:07:36 PM DEBUG (MainThread): Retrieving Raw Data...
03/12/2024 10:07:36 PM DEBUG (MainThread): Retrieving Baseline...
03/12/2024 10:07:36 PM DEBUG (MainThread): Connecting to postgres database...
03/12/2024 10:07:36 PM DEBUG (MainThread): Retrieving Baseline...
03/12/2024 10:08:09 PM DEBUG (MainThread): Initializing...
03/12/2024 10:08:09 PM DEBUG (MainThread): Please be patient...
03/12/2024 10:08:09 PM DEBUG (MainThread): Loading Parameters...
03/12/2024 10:08:09 PM DEBUG (MainThread): Processing data...
03/12/2024 10:08:09 PM DEBUG (MainThread): Retrieving Sample Data...
03/12/2024 10:08:09 PM DEBUG (MainThread): Connecting to postgres database...
03/12/2024 10:08:09 PM DEBUG (MainThread): Retrieving Raw Data...
03/12/2024 10:08:09 PM DEBUG (MainThread): Retrieving Baseline...
03/12/2024 10:08:09 PM DEBUG (MainThread): Connecting to postgres database...
03/12/2024 10:08:09 PM DEBUG (MainThread): Retrieving Baseline...
03/12/2024 10:08:51 PM DEBUG (MainThread): Initializing...
03/12/2024 10:08:51 PM DEBUG (MainThread): Please be patient...
03/12/2024 10:08:51 PM DEBUG (MainThread): Loading Parameters...
03/12/2024 10:08:51 PM DEBUG (MainThread): Processing data...
03/12/2024 10:08:51 PM DEBUG (MainThread): Retrieving Sample Data...
03/12/2024 10:08:51 PM DEBUG (MainThread): Connecting to postgres database...
03/12/2024 10:08:51 PM DEBUG (MainThread): Retrieving Raw Data...
03/12/2024 10:08:51 PM DEBUG (MainThread): Retrieving Baseline...
03/12/2024 10:08:51 PM DEBUG (MainThread): Connecting to postgres database...
03/12/2024 10:08:51 PM DEBUG (MainThread): Retrieving Baseline...
03/12/2024 10:09:57 PM DEBUG (MainThread): Initializing...
03/12/2024 10:09:57 PM DEBUG (MainThread): Please be patient...
03/12/2024 10:09:57 PM DEBUG (MainThread): Loading Parameters...
03/12/2024 10:09:57 PM DEBUG (MainThread): Processing data...
03/12/2024 10:09:57 PM DEBUG (MainThread): Retrieving Sample Data...
03/12/2024 10:09:57 PM DEBUG (MainThread): Connecting to postgres database...
03/12/2024 10:09:57 PM DEBUG (MainThread): Retrieving Raw Data...
03/12/2024 10:09:57 PM DEBUG (MainThread): Retrieving Baseline...
03/12/2024 10:09:57 PM DEBUG (MainThread): Connecting to postgres database...
03/12/2024 10:09:57 PM DEBUG (MainThread): Retrieving Baseline...
03/12/2024 10:10:45 PM DEBUG (MainThread): Initializing...
03/12/2024 10:10:45 PM DEBUG (MainThread): Please be patient...
03/12/2024 10:10:45 PM DEBUG (MainThread): Loading Parameters...
03/12/2024 10:10:45 PM DEBUG (MainThread): Processing data...
03/12/2024 10:10:45 PM DEBUG (MainThread): Retrieving Sample Data...
03/12/2024 10:10:45 PM DEBUG (MainThread): Connecting to postgres database...
03/12/2024 10:10:45 PM DEBUG (MainThread): Retrieving Raw Data...
03/12/2024 10:10:45 PM DEBUG (MainThread): Retrieving Baseline...
03/12/2024 10:10:45 PM DEBUG (MainThread): Connecting to postgres database...
03/12/2024 10:10:45 PM DEBUG (MainThread): Retrieving Baseline...
03/12/2024 10:13:47 PM DEBUG (MainThread): Initializing...
03/12/2024 10:13:47 PM DEBUG (MainThread): Please be patient...
03/12/2024 10:13:47 PM DEBUG (MainThread): Loading Parameters...
03/12/2024 10:13:47 PM DEBUG (MainThread): Processing data...
03/12/2024 10:13:47 PM DEBUG (MainThread): Retrieving Sample Data...
03/12/2024 10:13:47 PM DEBUG (MainThread): Connecting to postgres database...
03/12/2024 10:13:47 PM DEBUG (MainThread): Retrieving Raw Data...
03/12/2024 10:13:47 PM DEBUG (MainThread): Retrieving Baseline...
03/12/2024 10:13:47 PM DEBUG (MainThread): Connecting to postgres database...
03/12/2024 10:13:47 PM DEBUG (MainThread): Retrieving Baseline...
03/12/2024 10:13:58 PM DEBUG (MainThread): Initializing...
03/12/2024 10:13:58 PM DEBUG (MainThread): Please be patient...
03/12/2024 10:13:58 PM DEBUG (MainThread): Loading Parameters...
03/12/2024 10:13:58 PM DEBUG (MainThread): Processing data...
03/12/2024 10:13:58 PM DEBUG (MainThread): Retrieving Sample Data...
03/12/2024 10:13:58 PM DEBUG (MainThread): Connecting to postgres database...
03/12/2024 10:13:58 PM DEBUG (MainThread): Retrieving Raw Data...
03/12/2024 10:13:58 PM DEBUG (MainThread): Retrieving Baseline...
03/12/2024 10:13:58 PM DEBUG (MainThread): Connecting to postgres database...
03/12/2024 10:13:58 PM DEBUG (MainThread): Retrieving Baseline...
03/12/2024 10:15:13 PM DEBUG (MainThread): Initializing...
03/12/2024 10:15:13 PM DEBUG (MainThread): Please be patient...
03/12/2024 10:15:13 PM DEBUG (MainThread): Loading Parameters...
03/12/2024 10:15:13 PM DEBUG (MainThread): Processing data...
03/12/2024 10:15:13 PM DEBUG (MainThread): Retrieving Sample Data...
03/12/2024 10:15:13 PM DEBUG (MainThread): Connecting to postgres database...
03/12/2024 10:15:13 PM DEBUG (MainThread): Retrieving Raw Data...
03/12/2024 10:15:13 PM DEBUG (MainThread): Retrieving Baseline...
03/12/2024 10:15:13 PM DEBUG (MainThread): Connecting to postgres database...
03/12/2024 10:15:13 PM DEBUG (MainThread): Retrieving Baseline...
03/12/2024 10:15:18 PM DEBUG (MainThread): Reattempting postgres database connection...
03/12/2024 10:15:38 PM DEBUG (MainThread): Initializing...
03/12/2024 10:15:38 PM DEBUG (MainThread): Please be patient...
03/12/2024 10:15:38 PM DEBUG (MainThread): Loading Parameters...
03/12/2024 10:15:38 PM DEBUG (MainThread): Processing data...
03/12/2024 10:15:38 PM DEBUG (MainThread): Retrieving Sample Data...
03/12/2024 10:15:38 PM DEBUG (MainThread): Connecting to postgres database...
03/12/2024 10:15:38 PM DEBUG (MainThread): Retrieving Raw Data...
03/12/2024 10:15:38 PM DEBUG (MainThread): Retrieving Baseline...
03/12/2024 10:15:38 PM DEBUG (MainThread): Connecting to postgres database...
03/12/2024 10:15:38 PM DEBUG (MainThread): Retrieving Baseline...
03/12/2024 10:15:43 PM DEBUG (MainThread): Reattempting postgres database connection...
03/12/2024 10:16:10 PM DEBUG (MainThread): Initializing...
03/12/2024 10:16:10 PM DEBUG (MainThread): Please be patient...
03/12/2024 10:16:10 PM DEBUG (MainThread): Loading Parameters...
03/12/2024 10:16:10 PM DEBUG (MainThread): Processing data...
03/12/2024 10:16:10 PM DEBUG (MainThread): Retrieving Sample Data...
03/12/2024 10:16:10 PM DEBUG (MainThread): Connecting to postgres database...
03/12/2024 10:16:10 PM DEBUG (MainThread): Retrieving Raw Data...
03/12/2024 10:16:10 PM DEBUG (MainThread): Retrieving Baseline...
03/12/2024 10:16:10 PM DEBUG (MainThread): Connecting to postgres database...
03/12/2024 10:16:10 PM DEBUG (MainThread): Retrieving Baseline...
03/13/2024 09:42:48 AM DEBUG (MainThread): Initializing...
03/13/2024 09:42:48 AM DEBUG (MainThread): Please be patient...
03/13/2024 09:42:48 AM DEBUG (MainThread): Loading Parameters...
03/13/2024 09:42:48 AM DEBUG (MainThread): Processing data...
03/13/2024 09:42:48 AM DEBUG (MainThread): Retrieving Sample Data...
03/13/2024 09:42:48 AM DEBUG (MainThread): Connecting to postgres database...
03/13/2024 09:42:48 AM DEBUG (MainThread): Retrieving Raw Data...
03/13/2024 09:42:48 AM DEBUG (MainThread): Retrieving Baseline...
03/13/2024 09:42:48 AM DEBUG (MainThread): Connecting to postgres database...
03/13/2024 09:42:48 AM DEBUG (MainThread): Retrieving Baseline...
03/13/2024 09:43:55 AM DEBUG (MainThread): Initializing...
03/13/2024 09:43:55 AM DEBUG (MainThread): Please be patient...
03/13/2024 09:43:55 AM DEBUG (MainThread): Loading Parameters...
03/13/2024 09:43:55 AM DEBUG (MainThread): Processing data...
03/13/2024 09:43:55 AM DEBUG (MainThread): Retrieving Sample Data...
03/13/2024 09:43:55 AM DEBUG (MainThread): Connecting to postgres database...
03/13/2024 09:43:55 AM DEBUG (MainThread): Retrieving Raw Data...
03/13/2024 09:43:55 AM DEBUG (MainThread): Retrieving Baseline...
03/13/2024 09:43:55 AM DEBUG (MainThread): Connecting to postgres database...
03/13/2024 09:43:55 AM DEBUG (MainThread): Retrieving Baseline...
03/13/2024 01:21:55 PM DEBUG (MainThread): Initializing...
03/13/2024 01:21:55 PM DEBUG (MainThread): Please be patient...
03/13/2024 01:21:55 PM DEBUG (MainThread): Loading Parameters...
03/13/2024 01:21:55 PM DEBUG (MainThread): Processing data...
03/13/2024 01:21:55 PM DEBUG (MainThread): Retrieving Sample Data...
03/13/2024 01:21:55 PM DEBUG (MainThread): Connecting to postgres database...
03/13/2024 01:21:55 PM DEBUG (MainThread): Retrieving Raw Data...
03/13/2024 01:21:55 PM DEBUG (MainThread): Retrieving Baseline...
03/13/2024 01:21:55 PM DEBUG (MainThread): Connecting to postgres database...
03/13/2024 01:21:55 PM DEBUG (MainThread): Retrieving Baseline...
03/13/2024 01:22:00 PM DEBUG (MainThread): Reattempting postgres database connection...
03/13/2024 02:15:53 PM DEBUG (MainThread): Initializing...
03/13/2024 02:15:53 PM DEBUG (MainThread): Please be patient...
03/13/2024 02:15:53 PM DEBUG (MainThread): Loading Parameters...
03/13/2024 02:15:53 PM DEBUG (MainThread): Processing data...
03/13/2024 02:15:53 PM DEBUG (MainThread): Retrieving Sample Data...
03/13/2024 02:15:53 PM DEBUG (MainThread): Connecting to postgres database...
03/13/2024 02:15:53 PM DEBUG (MainThread): Retrieving Raw Data...
03/13/2024 02:15:53 PM DEBUG (MainThread): Retrieving Baseline...
03/13/2024 02:15:53 PM DEBUG (MainThread): Connecting to postgres database...
03/13/2024 02:15:53 PM DEBUG (MainThread): Retrieving Baseline...
03/13/2024 02:25:16 PM DEBUG (MainThread): Initializing...
03/13/2024 02:25:16 PM DEBUG (MainThread): Please be patient...
03/13/2024 02:25:16 PM DEBUG (MainThread): Loading Parameters...
03/13/2024 02:25:16 PM DEBUG (MainThread): Processing data...
03/13/2024 02:25:16 PM DEBUG (MainThread): Retrieving Sample Data...
03/13/2024 02:25:16 PM DEBUG (MainThread): Connecting to postgres database...
03/13/2024 02:25:16 PM DEBUG (MainThread): Retrieving Raw Data...
03/13/2024 02:25:16 PM DEBUG (MainThread): Retrieving Baseline...
03/13/2024 02:25:16 PM DEBUG (MainThread): Connecting to postgres database...
03/13/2024 02:25:16 PM DEBUG (MainThread): Retrieving Baseline...
03/13/2024 02:30:59 PM DEBUG (MainThread): Initializing...
03/13/2024 02:30:59 PM DEBUG (MainThread): Please be patient...
03/13/2024 02:30:59 PM DEBUG (MainThread): Loading Parameters...
03/13/2024 02:30:59 PM DEBUG (MainThread): Processing data...
03/13/2024 02:30:59 PM DEBUG (MainThread): Retrieving Sample Data...
03/13/2024 02:30:59 PM DEBUG (MainThread): Connecting to postgres database...
03/13/2024 02:30:59 PM DEBUG (MainThread): Retrieving Raw Data...
03/13/2024 02:30:59 PM DEBUG (MainThread): Retrieving Baseline...
03/13/2024 02:30:59 PM DEBUG (MainThread): Connecting to postgres database...
03/13/2024 02:30:59 PM DEBUG (MainThread): Retrieving Baseline...
03/13/2024 02:31:33 PM DEBUG (MainThread): Initializing...
03/13/2024 02:31:33 PM DEBUG (MainThread): Please be patient...
03/13/2024 02:31:33 PM DEBUG (MainThread): Loading Parameters...
03/13/2024 02:31:33 PM DEBUG (MainThread): Processing data...
03/13/2024 02:31:33 PM DEBUG (MainThread): Retrieving Sample Data...
03/13/2024 02:31:33 PM DEBUG (MainThread): Connecting to postgres database...
03/13/2024 02:31:33 PM DEBUG (MainThread): Retrieving Raw Data...
03/13/2024 02:31:33 PM DEBUG (MainThread): Retrieving Baseline...
03/13/2024 02:31:33 PM DEBUG (MainThread): Connecting to postgres database...
03/13/2024 02:31:33 PM DEBUG (MainThread): Retrieving Baseline...
03/13/2024 02:35:15 PM DEBUG (MainThread): Initializing...
03/13/2024 02:35:15 PM DEBUG (MainThread): Initializing...
03/13/2024 02:35:15 PM DEBUG (MainThread): Please be patient...
03/13/2024 02:35:15 PM DEBUG (MainThread): Please be patient...
03/13/2024 02:35:15 PM DEBUG (MainThread): Loading Parameters...
03/13/2024 02:35:15 PM DEBUG (MainThread): Loading Parameters...
03/13/2024 02:35:15 PM DEBUG (MainThread): Processing data...
03/13/2024 02:35:15 PM DEBUG (MainThread): Processing data...
03/13/2024 02:35:15 PM DEBUG (MainThread): Retrieving Sample Data...
03/13/2024 02:35:15 PM DEBUG (MainThread): Retrieving Sample Data...
03/13/2024 02:35:15 PM DEBUG (MainThread): Connecting to postgres database...
03/13/2024 02:35:15 PM DEBUG (MainThread): Connecting to postgres database...
03/13/2024 02:35:15 PM DEBUG (MainThread): Retrieving Raw Data...
03/13/2024 02:35:15 PM DEBUG (MainThread): Retrieving Raw Data...
03/13/2024 02:35:15 PM DEBUG (MainThread): Retrieving Baseline...
03/13/2024 02:35:15 PM DEBUG (MainThread): Retrieving Baseline...
03/13/2024 02:35:15 PM DEBUG (MainThread): Connecting to postgres database...
03/13/2024 02:35:15 PM DEBUG (MainThread): Connecting to postgres database...
03/13/2024 02:35:15 PM DEBUG (MainThread): Retrieving Baseline...
03/13/2024 02:35:15 PM DEBUG (MainThread): Retrieving Baseline...
03/13/2024 02:35:20 PM DEBUG (MainThread): Reattempting postgres database connection...
03/13/2024 02:35:20 PM DEBUG (MainThread): Reattempting postgres database connection...
03/13/2024 02:36:12 PM DEBUG (MainThread): Initializing...
03/13/2024 02:36:12 PM DEBUG (MainThread): Please be patient...
03/13/2024 02:36:12 PM DEBUG (MainThread): Loading Parameters...
03/13/2024 02:36:12 PM DEBUG (MainThread): Processing data...
03/13/2024 02:36:12 PM DEBUG (MainThread): Retrieving Sample Data...
03/13/2024 02:36:12 PM DEBUG (MainThread): Connecting to postgres database...
03/13/2024 02:36:12 PM DEBUG (MainThread): Retrieving Raw Data...
03/13/2024 02:36:12 PM DEBUG (MainThread): Retrieving Baseline...
03/13/2024 02:36:12 PM DEBUG (MainThread): Connecting to postgres database...
03/13/2024 02:36:12 PM DEBUG (MainThread): Retrieving Baseline...
03/13/2024 02:36:49 PM DEBUG (MainThread): Initializing...
03/13/2024 02:36:49 PM DEBUG (MainThread): Please be patient...
03/13/2024 02:36:49 PM DEBUG (MainThread): Loading Parameters...
03/13/2024 02:36:49 PM DEBUG (MainThread): Processing data...
03/13/2024 02:36:49 PM DEBUG (MainThread): Retrieving Sample Data...
03/13/2024 02:36:49 PM DEBUG (MainThread): Connecting to postgres database...
03/13/2024 02:36:49 PM DEBUG (MainThread): Retrieving Raw Data...
03/13/2024 02:36:50 PM DEBUG (MainThread): Retrieving Baseline...
03/13/2024 02:36:50 PM DEBUG (MainThread): Connecting to postgres database...
03/13/2024 02:36:50 PM DEBUG (MainThread): Retrieving Baseline...
03/13/2024 02:43:13 PM DEBUG (MainThread): Initializing...
03/13/2024 02:43:13 PM DEBUG (MainThread): Please be patient...
03/13/2024 02:43:13 PM DEBUG (MainThread): Loading Parameters...
03/13/2024 02:43:13 PM DEBUG (MainThread): Processing data...
03/13/2024 02:43:13 PM DEBUG (MainThread): Retrieving Sample Data...
03/13/2024 02:43:13 PM DEBUG (MainThread): Connecting to postgres database...
03/13/2024 02:43:13 PM DEBUG (MainThread): Retrieving Raw Data...
03/13/2024 02:43:13 PM DEBUG (MainThread): Retrieving Baseline...
03/13/2024 02:43:13 PM DEBUG (MainThread): Connecting to postgres database...
03/13/2024 02:43:13 PM DEBUG (MainThread): Retrieving Baseline...
03/13/2024 02:47:45 PM DEBUG (MainThread): Initializing...
03/13/2024 02:47:45 PM DEBUG (MainThread): Please be patient...
03/13/2024 02:47:45 PM DEBUG (MainThread): Loading Parameters...
03/13/2024 02:47:45 PM DEBUG (MainThread): Processing data...
03/13/2024 02:47:45 PM DEBUG (MainThread): Retrieving Sample Data...
03/13/2024 02:47:45 PM DEBUG (MainThread): Connecting to postgres database...
03/13/2024 02:47:45 PM DEBUG (MainThread): Retrieving Raw Data...
03/13/2024 02:47:45 PM DEBUG (MainThread): Retrieving Baseline...
03/13/2024 02:47:45 PM DEBUG (MainThread): Connecting to postgres database...
03/13/2024 02:47:45 PM DEBUG (MainThread): Retrieving Baseline...
03/13/2024 03:00:34 PM DEBUG (MainThread): Initializing...
03/13/2024 03:00:34 PM DEBUG (MainThread): Please be patient...
03/13/2024 03:00:34 PM DEBUG (MainThread): Loading Parameters...
03/13/2024 03:00:34 PM DEBUG (MainThread): Processing data...
03/13/2024 03:00:34 PM DEBUG (MainThread): Retrieving Sample Data...
03/13/2024 03:00:34 PM DEBUG (MainThread): Connecting to postgres database...
03/13/2024 03:00:34 PM DEBUG (MainThread): Retrieving Raw Data...
03/13/2024 03:00:34 PM DEBUG (MainThread): Retrieving Baseline...
03/13/2024 03:00:34 PM DEBUG (MainThread): Connecting to postgres database...
03/13/2024 03:00:34 PM DEBUG (MainThread): Retrieving Baseline...
03/13/2024 03:00:39 PM DEBUG (MainThread): Reattempting postgres database connection...
03/13/2024 03:01:17 PM DEBUG (MainThread): Initializing...
03/13/2024 03:01:17 PM DEBUG (MainThread): Please be patient...
03/13/2024 03:01:17 PM DEBUG (MainThread): Loading Parameters...
03/13/2024 03:01:17 PM DEBUG (MainThread): Processing data...
03/13/2024 03:01:17 PM DEBUG (MainThread): Retrieving Sample Data...
03/13/2024 03:01:17 PM DEBUG (MainThread): Connecting to postgres database...
03/13/2024 03:01:17 PM DEBUG (MainThread): Retrieving Raw Data...
03/13/2024 03:01:17 PM DEBUG (MainThread): Retrieving Baseline...
03/13/2024 03:01:17 PM DEBUG (MainThread): Connecting to postgres database...
03/13/2024 03:01:17 PM DEBUG (MainThread): Retrieving Baseline...
03/13/2024 03:06:42 PM DEBUG (MainThread): Initializing...
03/13/2024 03:06:42 PM DEBUG (MainThread): Please be patient...
03/13/2024 03:06:42 PM DEBUG (MainThread): Loading Parameters...
03/13/2024 03:06:42 PM DEBUG (MainThread): Processing data...
03/13/2024 03:06:42 PM DEBUG (MainThread): Retrieving Sample Data...
03/13/2024 03:06:42 PM DEBUG (MainThread): Connecting to postgres database...
03/13/2024 03:06:42 PM DEBUG (MainThread): Retrieving Raw Data...
03/13/2024 03:06:42 PM DEBUG (MainThread): Retrieving Baseline...
03/13/2024 03:06:42 PM DEBUG (MainThread): Connecting to postgres database...
03/13/2024 03:06:42 PM DEBUG (MainThread): Retrieving Baseline...
03/13/2024 03:18:16 PM DEBUG (MainThread): Initializing...
03/13/2024 03:18:16 PM DEBUG (MainThread): Initializing...
03/13/2024 03:18:16 PM DEBUG (MainThread): Please be patient...
03/13/2024 03:18:16 PM DEBUG (MainThread): Please be patient...
03/13/2024 03:18:16 PM DEBUG (MainThread): Loading Parameters...
03/13/2024 03:18:16 PM DEBUG (MainThread): Loading Parameters...
03/13/2024 03:18:16 PM DEBUG (MainThread): Processing data...
03/13/2024 03:18:16 PM DEBUG (MainThread): Processing data...
03/13/2024 03:18:16 PM DEBUG (MainThread): Retrieving Sample Data...
03/13/2024 03:18:16 PM DEBUG (MainThread): Retrieving Sample Data...
03/13/2024 03:18:16 PM DEBUG (MainThread): Connecting to postgres database...
03/13/2024 03:18:16 PM DEBUG (MainThread): Connecting to postgres database...
03/13/2024 03:18:16 PM DEBUG (MainThread): Retrieving Raw Data...
03/13/2024 03:18:16 PM DEBUG (MainThread): Retrieving Raw Data...
03/13/2024 03:18:16 PM DEBUG (MainThread): Retrieving Baseline...
03/13/2024 03:18:16 PM DEBUG (MainThread): Retrieving Baseline...
03/13/2024 03:18:16 PM DEBUG (MainThread): Connecting to postgres database...
03/13/2024 03:18:16 PM DEBUG (MainThread): Connecting to postgres database...
03/13/2024 03:18:16 PM DEBUG (MainThread): Retrieving Baseline...
03/13/2024 03:18:16 PM DEBUG (MainThread): Retrieving Baseline...
03/13/2024 03:22:28 PM DEBUG (MainThread): Initializing...
03/13/2024 03:22:28 PM DEBUG (MainThread): Please be patient...
03/13/2024 03:22:28 PM DEBUG (MainThread): Loading Parameters...
03/13/2024 03:22:28 PM DEBUG (MainThread): Processing data...
03/13/2024 03:22:28 PM DEBUG (MainThread): Retrieving Sample Data...
03/13/2024 03:22:28 PM DEBUG (MainThread): Connecting to postgres database...
03/13/2024 03:22:28 PM DEBUG (MainThread): Retrieving Raw Data...
03/13/2024 03:22:28 PM DEBUG (MainThread): Retrieving Baseline...
03/13/2024 03:22:28 PM DEBUG (MainThread): Connecting to postgres database...
03/13/2024 03:22:28 PM DEBUG (MainThread): Retrieving Baseline...
03/13/2024 03:22:28 PM DEBUG (MainThread): Connecting to postgres database...
03/13/2024 03:22:28 PM DEBUG (MainThread): Storing Anomalies...
03/13/2024 03:22:28 PM DEBUG (MainThread): Stored Anomalies Successfully...
03/13/2024 03:23:17 PM DEBUG (MainThread): Initializing...
03/13/2024 03:23:17 PM DEBUG (MainThread): Initializing...
03/13/2024 03:23:17 PM DEBUG (MainThread): Please be patient...
03/13/2024 03:23:17 PM DEBUG (MainThread): Please be patient...
03/13/2024 03:23:17 PM DEBUG (MainThread): Loading Parameters...
03/13/2024 03:23:17 PM DEBUG (MainThread): Loading Parameters...
03/13/2024 03:23:17 PM DEBUG (MainThread): Processing data...
03/13/2024 03:23:17 PM DEBUG (MainThread): Processing data...
03/13/2024 03:23:17 PM DEBUG (MainThread): Retrieving Sample Data...
03/13/2024 03:23:17 PM DEBUG (MainThread): Retrieving Sample Data...
03/13/2024 03:23:17 PM DEBUG (MainThread): Connecting to postgres database...
03/13/2024 03:23:17 PM DEBUG (MainThread): Connecting to postgres database...
03/13/2024 03:23:17 PM DEBUG (MainThread): Retrieving Raw Data...
03/13/2024 03:23:17 PM DEBUG (MainThread): Retrieving Raw Data...
03/13/2024 03:23:17 PM DEBUG (MainThread): Retrieving Baseline...
03/13/2024 03:23:17 PM DEBUG (MainThread): Retrieving Baseline...
03/13/2024 03:23:17 PM DEBUG (MainThread): Connecting to postgres database...
03/13/2024 03:23:17 PM DEBUG (MainThread): Connecting to postgres database...
03/13/2024 03:23:17 PM DEBUG (MainThread): Retrieving Baseline...
03/13/2024 03:23:17 PM DEBUG (MainThread): Retrieving Baseline...
03/13/2024 03:23:17 PM DEBUG (MainThread): Connecting to postgres database...
03/13/2024 03:23:17 PM DEBUG (MainThread): Connecting to postgres database...
03/13/2024 03:23:17 PM DEBUG (MainThread): Storing Anomalies...
03/13/2024 03:23:17 PM DEBUG (MainThread): Storing Anomalies...
03/13/2024 03:23:17 PM DEBUG (MainThread): Stored Anomalies Successfully...
03/13/2024 03:23:17 PM DEBUG (MainThread): Stored Anomalies Successfully...
03/13/2024 03:28:34 PM DEBUG (MainThread): Initializing...
03/13/2024 03:28:34 PM DEBUG (MainThread): Initializing...
03/13/2024 03:28:34 PM DEBUG (MainThread): Initializing...
03/13/2024 03:28:34 PM DEBUG (MainThread): Please be patient...
03/13/2024 03:28:34 PM DEBUG (MainThread): Please be patient...
03/13/2024 03:28:34 PM DEBUG (MainThread): Please be patient...
03/13/2024 03:28:34 PM DEBUG (MainThread): Loading Parameters...
03/13/2024 03:28:34 PM DEBUG (MainThread): Loading Parameters...
03/13/2024 03:28:34 PM DEBUG (MainThread): Loading Parameters...
03/13/2024 03:28:34 PM DEBUG (MainThread): Processing data...
03/13/2024 03:28:34 PM DEBUG (MainThread): Processing data...
03/13/2024 03:28:34 PM DEBUG (MainThread): Processing data...
03/13/2024 03:28:34 PM DEBUG (MainThread): Retrieving Sample Data...
03/13/2024 03:28:34 PM DEBUG (MainThread): Retrieving Sample Data...
03/13/2024 03:28:34 PM DEBUG (MainThread): Retrieving Sample Data...
03/13/2024 03:28:34 PM DEBUG (MainThread): Connecting to postgres database...
03/13/2024 03:28:34 PM DEBUG (MainThread): Connecting to postgres database...
03/13/2024 03:28:34 PM DEBUG (MainThread): Connecting to postgres database...
03/13/2024 03:28:34 PM DEBUG (MainThread): Retrieving Raw Data...
03/13/2024 03:28:34 PM DEBUG (MainThread): Retrieving Raw Data...
03/13/2024 03:28:34 PM DEBUG (MainThread): Retrieving Raw Data...
03/13/2024 03:28:34 PM DEBUG (MainThread): Retrieving Baseline...
03/13/2024 03:28:34 PM DEBUG (MainThread): Retrieving Baseline...
03/13/2024 03:28:34 PM DEBUG (MainThread): Retrieving Baseline...
03/13/2024 03:28:34 PM DEBUG (MainThread): Connecting to postgres database...
03/13/2024 03:28:34 PM DEBUG (MainThread): Connecting to postgres database...
03/13/2024 03:28:34 PM DEBUG (MainThread): Connecting to postgres database...
03/13/2024 03:28:34 PM DEBUG (MainThread): Retrieving Baseline...
03/13/2024 03:28:34 PM DEBUG (MainThread): Retrieving Baseline...
03/13/2024 03:28:34 PM DEBUG (MainThread): Retrieving Baseline...
03/13/2024 03:28:34 PM DEBUG (MainThread): Connecting to postgres database...
03/13/2024 03:28:34 PM DEBUG (MainThread): Connecting to postgres database...
03/13/2024 03:28:34 PM DEBUG (MainThread): Connecting to postgres database...
03/13/2024 03:28:34 PM DEBUG (MainThread): Storing Anomalies...
03/13/2024 03:28:34 PM DEBUG (MainThread): Storing Anomalies...
03/13/2024 03:28:34 PM DEBUG (MainThread): Storing Anomalies...
03/13/2024 03:28:34 PM DEBUG (MainThread): Stored Anomalies Successfully...
03/13/2024 03:28:34 PM DEBUG (MainThread): Stored Anomalies Successfully...
03/13/2024 03:28:34 PM DEBUG (MainThread): Stored Anomalies Successfully...
